This is XeTeX, Version 3.14159265-2.6-0.99999 (MiKTeX 2.9.6800 64-bit) (preloaded format=xelatex 2018.9.22)  1 OCT 2018 10:06
entering extended mode
**"C:/Users/Roxanne/Documents/GitHub/master-class/MATH-623/homework 2.tex"
("C:/Users/Roxanne/Documents/GitHub/master-class/MATH-623/homework 2.tex"
LaTeX2e <2018-04-01> patch level 5
(D:\APPLICATIONS\Miktex\tex\latex\base\article.cls
Document Class: article 2014/09/29 v1.4h Standard LaTeX document class
(D:\APPLICATIONS\Miktex\tex\latex\base\size11.clo
File: size11.clo 2014/09/29 v1.4h Standard LaTeX file (size option)
)
\c@part=\count80
\c@section=\count81
\c@subsection=\count82
\c@subsubsection=\count83
\c@paragraph=\count84
\c@subparagraph=\count85
\c@figure=\count86
\c@table=\count87
\abovecaptionskip=\skip41
\belowcaptionskip=\skip42
\bibindent=\dimen102
)
(C:\Users\Roxanne\AppData\Roaming\MiKTeX\2.9\tex\latex\listings\listings.sty
(D:\APPLICATIONS\Miktex\tex\latex\graphics\keyval.sty
Package: keyval 2014/10/28 v1.15 key=value parser (DPC)
\KV@toks@=\toks14
)
\lst@mode=\count88
\lst@gtempboxa=\box26
\lst@token=\toks15
\lst@length=\count89
\lst@currlwidth=\dimen103
\lst@column=\count90
\lst@pos=\count91
\lst@lostspace=\dimen104
\lst@width=\dimen105
\lst@newlines=\count92
\lst@lineno=\count93
\lst@maxwidth=\dimen106

(C:\Users\Roxanne\AppData\Roaming\MiKTeX\2.9\tex\latex\listings\lstmisc.sty
File: lstmisc.sty 2018/09/02 1.7 (Carsten Heinz)
\c@lstnumber=\count94
\lst@skipnumbers=\count95
\lst@framebox=\box27
)
(C:\Users\Roxanne\AppData\Roaming\MiKTeX\2.9\tex\latex\listings\listings.cfg
File: listings.cfg 2018/09/02 1.7 listings configuration
))
Package: listings 2018/09/02 1.7 (Carsten Heinz)

(D:\APPLICATIONS\Miktex\tex\latex\graphics\color.sty
Package: color 2016/07/10 v1.1e Standard LaTeX Color (DPC)

(D:\APPLICATIONS\Miktex\tex\latex\graphics-cfg\color.cfg
File: color.cfg 2016/01/02 v1.6 sample color configuration
)
Package color Info: Driver file: xetex.def on input line 147.

(D:\APPLICATIONS\Miktex\tex\latex\graphics-def\xetex.def
File: xetex.def 2017/06/24 v5.0h Graphics/color driver for xetex
))
(C:\Users\Roxanne\AppData\Roaming\MiKTeX\2.9\tex\latex\listings\lstlang1.sty
File: lstlang1.sty 2018/09/02 1.7 listings language file
)
(D:\APPLICATIONS\Miktex\tex\latex\setspace\setspace.sty
Package: setspace 2011/12/19 v6.7a set line spacing
)
(D:\APPLICATIONS\Miktex\tex\latex\tools\bm.sty
Package: bm 2017/01/16 v1.2c Bold Symbol Support (DPC/FMi)
\symboldoperators=\mathgroup4
\symboldletters=\mathgroup5
\symboldsymbols=\mathgroup6
LaTeX Font Info:    Redeclaring math alphabet \mathbf on input line 141.
LaTeX Info: Redefining \bm on input line 207.
)
(D:\APPLICATIONS\Miktex\tex\latex\amsmath\amsmath.sty
Package: amsmath 2017/09/02 v2.17a AMS math features
\@mathmargin=\skip43

For additional information on amsmath, use the `?' option.
(D:\APPLICATIONS\Miktex\tex\latex\amsmath\amstext.sty
Package: amstext 2000/06/29 v2.01 AMS text

(D:\APPLICATIONS\Miktex\tex\latex\amsmath\amsgen.sty
File: amsgen.sty 1999/11/30 v2.0 generic functions
\@emptytoks=\toks16
\ex@=\dimen107
))
(D:\APPLICATIONS\Miktex\tex\latex\amsmath\amsbsy.sty
Package: amsbsy 1999/11/29 v1.2d Bold Symbols
LaTeX Info: Redefining \boldsymbol on input line 28.
\pmbraise@=\dimen108
)
(D:\APPLICATIONS\Miktex\tex\latex\amsmath\amsopn.sty
Package: amsopn 2016/03/08 v2.02 operator names
)
\inf@bad=\count96
LaTeX Info: Redefining \frac on input line 213.
\uproot@=\count97
\leftroot@=\count98
LaTeX Info: Redefining \overline on input line 375.
\classnum@=\count99
\DOTSCASE@=\count100
LaTeX Info: Redefining \ldots on input line 472.
LaTeX Info: Redefining \dots on input line 475.
LaTeX Info: Redefining \cdots on input line 596.
\Mathstrutbox@=\box28
\strutbox@=\box29
\big@size=\dimen109
LaTeX Font Info:    Redeclaring font encoding OML on input line 712.
LaTeX Font Info:    Redeclaring font encoding OMS on input line 713.
\macc@depth=\count101
\c@MaxMatrixCols=\count102
\dotsspace@=\muskip10
\c@parentequation=\count103
\dspbrk@lvl=\count104
\tag@help=\toks17
\row@=\count105
\column@=\count106
\maxfields@=\count107
\andhelp@=\toks18
\eqnshift@=\dimen110
\alignsep@=\dimen111
\tagshift@=\dimen112
\tagwidth@=\dimen113
\totwidth@=\dimen114
\lineht@=\dimen115
\@envbody=\toks19
\multlinegap=\skip44
\multlinetaggap=\skip45
\mathdisplay@stack=\toks20
LaTeX Info: Redefining \[ on input line 2817.
LaTeX Info: Redefining \] on input line 2818.
)
(D:\APPLICATIONS\Miktex\tex\latex\amsfonts\amsfonts.sty
Package: amsfonts 2013/01/14 v3.01 Basic AMSFonts support
\symAMSa=\mathgroup7
\symAMSb=\mathgroup8
LaTeX Font Info:    Overwriting math alphabet `\mathfrak' in version `bold'
(Font)                  U/euf/m/n --> U/euf/b/n on input line 106.
)
(D:\APPLICATIONS\Miktex\tex\latex\geometry\geometry.sty
Package: geometry 2018/04/16 v5.8 Page Geometry

(D:\APPLICATIONS\Miktex\tex\generic\oberdiek\ifpdf.sty
Package: ifpdf 2017/03/15 v3.2 Provides the ifpdf switch
)
(D:\APPLICATIONS\Miktex\tex\generic\oberdiek\ifvtex.sty
Package: ifvtex 2016/05/16 v1.6 Detect VTeX and its facilities (HO)
Package ifvtex Info: VTeX not detected.
)
(D:\APPLICATIONS\Miktex\tex\generic\ifxetex\ifxetex.sty
Package: ifxetex 2010/09/12 v0.6 Provides ifxetex conditional
)
\Gm@cnth=\count108
\Gm@cntv=\count109
\c@Gm@tempcnt=\count110
\Gm@bindingoffset=\dimen116
\Gm@wd@mp=\dimen117
\Gm@odd@mp=\dimen118
\Gm@even@mp=\dimen119
\Gm@layoutwidth=\dimen120
\Gm@layoutheight=\dimen121
\Gm@layouthoffset=\dimen122
\Gm@layoutvoffset=\dimen123
\Gm@dimlist=\toks21

(D:\APPLICATIONS\Miktex\tex\xelatex\xetexconfig\geometry.cfg)) ("homework 2.aux
")
\openout1 = `"homework 2.aux"'.

LaTeX Font Info:    Checking defaults for OML/cmm/m/it on input line 37.
LaTeX Font Info:    ... okay on input line 37.
LaTeX Font Info:    Checking defaults for T1/cmr/m/n on input line 37.
LaTeX Font Info:    ... okay on input line 37.
LaTeX Font Info:    Checking defaults for OT1/cmr/m/n on input line 37.
LaTeX Font Info:    ... okay on input line 37.
LaTeX Font Info:    Checking defaults for OMS/cmsy/m/n on input line 37.
LaTeX Font Info:    ... okay on input line 37.
LaTeX Font Info:    Checking defaults for TU/lmr/m/n on input line 37.
LaTeX Font Info:    ... okay on input line 37.
LaTeX Font Info:    Checking defaults for OMX/cmex/m/n on input line 37.
LaTeX Font Info:    ... okay on input line 37.
LaTeX Font Info:    Checking defaults for U/cmr/m/n on input line 37.
LaTeX Font Info:    ... okay on input line 37.
\c@lstlisting=\count111

*geometry* detected driver: pdftex
*geometry* verbose mode - [ preamble ] result:
* driver: pdftex
* paper: letterpaper
* layout: <same size as paper>
* layoutoffset:(h,v)=(0.0pt,0.0pt)
* modes: 
* h-part:(L,W,R)=(61.42856pt, 491.43787pt, 61.42857pt)
* v-part:(T,H,B)=(63.59662pt, 635.97841pt, 95.39496pt)
* \paperwidth=614.295pt
* \paperheight=794.96999pt
* \textwidth=491.43787pt
* \textheight=635.97841pt
* \oddsidemargin=-10.84143pt
* \evensidemargin=-10.84143pt
* \topmargin=-45.67337pt
* \headheight=12.0pt
* \headsep=25.0pt
* \topskip=11.0pt
* \footskip=30.0pt
* \marginparwidth=59.0pt
* \marginparsep=10.0pt
* \columnsep=10.0pt
* \skip\footins=10.0pt plus 4.0pt minus 2.0pt
* \hoffset=0.0pt
* \voffset=0.0pt
* \mag=1000
* \@twocolumnfalse
* \@twosidefalse
* \@mparswitchfalse
* \@reversemarginfalse
* (1in=72.27pt=25.4mm, 1cm=28.453pt)

LaTeX Font Info:    Try loading font information for U+msa on input line 38.
(D:\APPLICATIONS\Miktex\tex\latex\amsfonts\umsa.fd
File: umsa.fd 2013/01/14 v3.01 AMS symbols A
)
LaTeX Font Info:    Try loading font information for U+msb on input line 38.

(D:\APPLICATIONS\Miktex\tex\latex\amsfonts\umsb.fd
File: umsb.fd 2013/01/14 v3.01 AMS symbols B
)
Overfull \hbox (12.31152pt too wide) in paragraph at lines 61--62
[][][][][][][][][][][][][][][][][][][][][][][][][][][][][][][][][][][][][][][][
][][][][][][][][]  
 []

[1

] [2] [3] ("homework 2.aux") ) 
Here is how much of TeX's memory you used:
 3152 strings out of 427798
 40975 string characters out of 3152742
 316957 words of memory out of 3000000
 7128 multiletter control sequences out of 15000+200000
 11118 words of font info for 49 fonts, out of 3000000 for 9000
 1328 hyphenation exceptions out of 8191
 27i,6n,40p,299b,1686s stack positions out of 5000i,500n,10000p,200000b,50000s

Output written on homework 2.pdf (3 pages).
